<?xml version="1.0" encoding="UTF-8"?>
<testng-results ignored="0" total="2" passed="2" failed="0" skipped="0">
  <reporter-output>
  </reporter-output>
  <suite started-at="2022-03-20T19:12:37Z" name="Suite1" finished-at="2022-03-20T19:12:37Z" duration-ms="551">
    <groups>
      <group name="cucumber">
        <method signature="AbstractTestNGCucumberTests.runScenario(io.cucumber.testng.PickleWrapper, io.cucumber.testng.FeatureWrapper)[pri:0, instance:com.careerhack.runners.TestRunner@1d483de4]" name="runScenario" class="io.cucumber.testng.AbstractTestNGCucumberTests"/>
      </group> <!-- cucumber -->
    </groups>
    <test started-at="2022-03-20T19:12:37Z" name="SmokeTest" finished-at="2022-03-20T19:12:37Z" duration-ms="551">
      <class name="com.careerhack.runners.TestRunner">
        <test-method is-config="true" signature="setUpClass()[pri:0, instance:com.careerhack.runners.TestRunner@1d483de4]" started-at="2022-03-20T19:12:37Z" name="setUpClass" finished-at="2022-03-20T19:12:37Z" duration-ms="360" status="PASS">
          <reporter-output>
          </reporter-output>
        </test-method> <!-- setUpClass -->
        <test-method signature="runScenario(io.cucumber.testng.PickleWrapper, io.cucumber.testng.FeatureWrapper)[pri:0, instance:com.careerhack.runners.TestRunner@1d483de4]" started-at="2022-03-20T19:12:37Z" name="runScenario" description="Runs Cucumber Scenarios" data-provider="scenarios" finished-at="2022-03-20T19:12:37Z" duration-ms="154" status="PASS">
          <params>
            <param index="0">
              <value>
                <![CDATA["simple keyword search"]]>
              </value>
            </param>
            <param index="1">
              <value>
                <![CDATA["Optional[perform a google search]"]]>
              </value>
            </param>
          </params>
          <reporter-output>
          </reporter-output>
        </test-method> <!-- runScenario -->
        <test-method signature="runScenario(io.cucumber.testng.PickleWrapper, io.cucumber.testng.FeatureWrapper)[pri:0, instance:com.careerhack.runners.TestRunner@1d483de4]" started-at="2022-03-20T19:12:37Z" name="runScenario" description="Runs Cucumber Scenarios" data-provider="scenarios" finished-at="2022-03-20T19:12:37Z" duration-ms="5" status="PASS">
          <params>
            <param index="0">
              <value>
                <![CDATA["simple keyword search"]]>
              </value>
            </param>
            <param index="1">
              <value>
                <![CDATA["Optional[perform a google search]"]]>
              </value>
            </param>
          </params>
          <reporter-output>
          </reporter-output>
        </test-method> <!-- runScenario -->
        <test-method is-config="true" signature="tearDownClass()[pri:0, instance:com.careerhack.runners.TestRunner@1d483de4]" started-at="2022-03-20T19:12:37Z" name="tearDownClass" finished-at="2022-03-20T19:12:37Z" duration-ms="11" status="PASS">
          <reporter-output>
          </reporter-output>
        </test-method> <!-- tearDownClass -->
      </class> <!-- com.careerhack.runners.TestRunner -->
    </test> <!-- SmokeTest -->
  </suite> <!-- Suite1 -->
</testng-results>
